ERROR - 2024-06-29 08:27:16 --> Error connecting to the database: mysqli_sql_exception: Access denied for user 'root'@'localhost' (using password: NO) in D:\programming\Laundry website\ci4\system\Database\MySQLi\Connection.php:186
Stack trace:
#0 D:\programming\Laundry website\ci4\system\Database\MySQLi\Connection.php(186): mysqli->real_connect('localhost', 'root', Object(SensitiveParameterValue), 'laundry', 3306, '', 0)
#1 D:\programming\Laundry website\ci4\system\Database\BaseConnection.php(421): CodeIgniter\Database\MySQLi\Connection->connect(false)
#2 D:\programming\Laundry website\ci4\system\Database\BaseConnection.php(604): CodeIgniter\Database\BaseConnection->initialize()
#3 D:\programming\Laundry website\ci4\system\Database\BaseBuilder.php(1658): CodeIgniter\Database\BaseConnection->query('SELECT COUNT(*)...', NULL, false)
#4 D:\programming\Laundry website\ci4\system\Model.php(919): CodeIgniter\Database\BaseBuilder->countAll()
#5 D:\programming\Laundry website\ci4\app\Controllers\DashboardAdmin.php(16): CodeIgniter\Model->__call('countAll', Array)
#6 D:\programming\Laundry website\ci4\system\CodeIgniter.php(933): App\Controllers\DashboardAdmin->index()
#7 D:\programming\Laundry website\ci4\system\CodeIgniter.php(509): CodeIgniter\CodeIgniter->runController(Object(App\Controllers\DashboardAdmin))
#8 D:\programming\Laundry website\ci4\system\CodeIgniter.php(355): CodeIgniter\CodeIgniter->handleRequest(NULL, Object(Config\Cache), false)
#9 D:\programming\Laundry website\ci4\system\Boot.php(312): CodeIgniter\CodeIgniter->run()
#10 D:\programming\Laundry website\ci4\system\Boot.php(67): CodeIgniter\Boot::runCodeIgniter(Object(CodeIgniter\CodeIgniter))
#11 D:\programming\Laundry website\ci4\public\index.php(56): CodeIgniter\Boot::bootWeb(Object(Config\Paths))
#12 D:\programming\Laundry website\ci4\system\Commands\Server\rewrite.php(49): require_once('D:\\programming\\...')
#13 {main}

Next CodeIgniter\Database\Exceptions\DatabaseException: Access denied for user '****'@'localhost' (using password: NO) in D:\programming\Laundry website\ci4\system\Database\MySQLi\Connection.php:231
Stack trace:
#0 D:\programming\Laundry website\ci4\system\Database\BaseConnection.php(421): CodeIgniter\Database\MySQLi\Connection->connect(false)
#1 D:\programming\Laundry website\ci4\system\Database\BaseConnection.php(604): CodeIgniter\Database\BaseConnection->initialize()
#2 D:\programming\Laundry website\ci4\system\Database\BaseBuilder.php(1658): CodeIgniter\Database\BaseConnection->query('SELECT COUNT(*)...', NULL, false)
#3 D:\programming\Laundry website\ci4\system\Model.php(919): CodeIgniter\Database\BaseBuilder->countAll()
#4 D:\programming\Laundry website\ci4\app\Controllers\DashboardAdmin.php(16): CodeIgniter\Model->__call('countAll', Array)
#5 D:\programming\Laundry website\ci4\system\CodeIgniter.php(933): App\Controllers\DashboardAdmin->index()
#6 D:\programming\Laundry website\ci4\system\CodeIgniter.php(509): CodeIgniter\CodeIgniter->runController(Object(App\Controllers\DashboardAdmin))
#7 D:\programming\Laundry website\ci4\system\CodeIgniter.php(355): CodeIgniter\CodeIgniter->handleRequest(NULL, Object(Config\Cache), false)
#8 D:\programming\Laundry website\ci4\system\Boot.php(312): CodeIgniter\CodeIgniter->run()
#9 D:\programming\Laundry website\ci4\system\Boot.php(67): CodeIgniter\Boot::runCodeIgniter(Object(CodeIgniter\CodeIgniter))
#10 D:\programming\Laundry website\ci4\public\index.php(56): CodeIgniter\Boot::bootWeb(Object(Config\Paths))
#11 D:\programming\Laundry website\ci4\system\Commands\Server\rewrite.php(49): require_once('D:\\programming\\...')
#12 {main}
CRITICAL - 2024-06-29 08:27:16 --> CodeIgniter\Database\Exceptions\DatabaseException: Unable to connect to the database.
Main connection [MySQLi]: Access denied for user '****'@'localhost' (using password: NO)
[Method: GET, Route: Dashboard]
in SYSTEMPATH\Database\BaseConnection.php on line 457.
 1 SYSTEMPATH\Database\BaseConnection.php(604): CodeIgniter\Database\BaseConnection->initialize()
 2 SYSTEMPATH\Database\BaseBuilder.php(1658): CodeIgniter\Database\BaseConnection->query('SELECT COUNT(*) AS `numrows` FROM `pelanggan`', null, false)
 3 SYSTEMPATH\Model.php(919): CodeIgniter\Database\BaseBuilder->countAll()
 4 APPPATH\Controllers\DashboardAdmin.php(16): CodeIgniter\Model->__call('countAll', [])
 5 SYSTEMPATH\CodeIgniter.php(933): App\Controllers\DashboardAdmin->index()
 6 SYSTEMPATH\CodeIgniter.php(509): CodeIgniter\CodeIgniter->runController(Object(App\Controllers\DashboardAdmin))
 7 SYSTEMPATH\CodeIgniter.php(355): CodeIgniter\CodeIgniter->handleRequest(null, Object(Config\Cache), false)
 8 SYSTEMPATH\Boot.php(312): CodeIgniter\CodeIgniter->run()
 9 SYSTEMPATH\Boot.php(67): CodeIgniter\Boot::runCodeIgniter(Object(CodeIgniter\CodeIgniter))
10 FCPATH\index.php(56): CodeIgniter\Boot::bootWeb(Object(Config\Paths))
11 SYSTEMPATH\Commands\Server\rewrite.php(49): require_once('D:\\programming\\Laundry website\\ci4\\public\\index.php')
ERROR - 2024-06-29 08:27:35 --> Error connecting to the database: mysqli_sql_exception: Access denied for user 'root'@'localhost' (using password: NO) in D:\programming\Laundry website\ci4\system\Database\MySQLi\Connection.php:186
Stack trace:
#0 D:\programming\Laundry website\ci4\system\Database\MySQLi\Connection.php(186): mysqli->real_connect('localhost', 'root', Object(SensitiveParameterValue), 'laundry', 3306, '', 0)
#1 D:\programming\Laundry website\ci4\system\Database\BaseConnection.php(421): CodeIgniter\Database\MySQLi\Connection->connect(false)
#2 D:\programming\Laundry website\ci4\system\Database\BaseConnection.php(604): CodeIgniter\Database\BaseConnection->initialize()
#3 D:\programming\Laundry website\ci4\system\Database\BaseBuilder.php(1658): CodeIgniter\Database\BaseConnection->query('SELECT COUNT(*)...', NULL, false)
#4 D:\programming\Laundry website\ci4\system\Model.php(919): CodeIgniter\Database\BaseBuilder->countAll()
#5 D:\programming\Laundry website\ci4\app\Controllers\DashboardAdmin.php(16): CodeIgniter\Model->__call('countAll', Array)
#6 D:\programming\Laundry website\ci4\system\CodeIgniter.php(933): App\Controllers\DashboardAdmin->index()
#7 D:\programming\Laundry website\ci4\system\CodeIgniter.php(509): CodeIgniter\CodeIgniter->runController(Object(App\Controllers\DashboardAdmin))
#8 D:\programming\Laundry website\ci4\system\CodeIgniter.php(355): CodeIgniter\CodeIgniter->handleRequest(NULL, Object(Config\Cache), false)
#9 D:\programming\Laundry website\ci4\system\Boot.php(312): CodeIgniter\CodeIgniter->run()
#10 D:\programming\Laundry website\ci4\system\Boot.php(67): CodeIgniter\Boot::runCodeIgniter(Object(CodeIgniter\CodeIgniter))
#11 D:\programming\Laundry website\ci4\public\index.php(56): CodeIgniter\Boot::bootWeb(Object(Config\Paths))
#12 D:\programming\Laundry website\ci4\system\Commands\Server\rewrite.php(49): require_once('D:\\programming\\...')
#13 {main}

Next CodeIgniter\Database\Exceptions\DatabaseException: Access denied for user '****'@'localhost' (using password: NO) in D:\programming\Laundry website\ci4\system\Database\MySQLi\Connection.php:231
Stack trace:
#0 D:\programming\Laundry website\ci4\system\Database\BaseConnection.php(421): CodeIgniter\Database\MySQLi\Connection->connect(false)
#1 D:\programming\Laundry website\ci4\system\Database\BaseConnection.php(604): CodeIgniter\Database\BaseConnection->initialize()
#2 D:\programming\Laundry website\ci4\system\Database\BaseBuilder.php(1658): CodeIgniter\Database\BaseConnection->query('SELECT COUNT(*)...', NULL, false)
#3 D:\programming\Laundry website\ci4\system\Model.php(919): CodeIgniter\Database\BaseBuilder->countAll()
#4 D:\programming\Laundry website\ci4\app\Controllers\DashboardAdmin.php(16): CodeIgniter\Model->__call('countAll', Array)
#5 D:\programming\Laundry website\ci4\system\CodeIgniter.php(933): App\Controllers\DashboardAdmin->index()
#6 D:\programming\Laundry website\ci4\system\CodeIgniter.php(509): CodeIgniter\CodeIgniter->runController(Object(App\Controllers\DashboardAdmin))
#7 D:\programming\Laundry website\ci4\system\CodeIgniter.php(355): CodeIgniter\CodeIgniter->handleRequest(NULL, Object(Config\Cache), false)
#8 D:\programming\Laundry website\ci4\system\Boot.php(312): CodeIgniter\CodeIgniter->run()
#9 D:\programming\Laundry website\ci4\system\Boot.php(67): CodeIgniter\Boot::runCodeIgniter(Object(CodeIgniter\CodeIgniter))
#10 D:\programming\Laundry website\ci4\public\index.php(56): CodeIgniter\Boot::bootWeb(Object(Config\Paths))
#11 D:\programming\Laundry website\ci4\system\Commands\Server\rewrite.php(49): require_once('D:\\programming\\...')
#12 {main}
CRITICAL - 2024-06-29 08:27:35 --> CodeIgniter\Database\Exceptions\DatabaseException: Unable to connect to the database.
Main connection [MySQLi]: Access denied for user '****'@'localhost' (using password: NO)
[Method: GET, Route: Dashboard]
in SYSTEMPATH\Database\BaseConnection.php on line 457.
 1 SYSTEMPATH\Database\BaseConnection.php(604): CodeIgniter\Database\BaseConnection->initialize()
 2 SYSTEMPATH\Database\BaseBuilder.php(1658): CodeIgniter\Database\BaseConnection->query('SELECT COUNT(*) AS `numrows` FROM `pelanggan`', null, false)
 3 SYSTEMPATH\Model.php(919): CodeIgniter\Database\BaseBuilder->countAll()
 4 APPPATH\Controllers\DashboardAdmin.php(16): CodeIgniter\Model->__call('countAll', [])
 5 SYSTEMPATH\CodeIgniter.php(933): App\Controllers\DashboardAdmin->index()
 6 SYSTEMPATH\CodeIgniter.php(509): CodeIgniter\CodeIgniter->runController(Object(App\Controllers\DashboardAdmin))
 7 SYSTEMPATH\CodeIgniter.php(355): CodeIgniter\CodeIgniter->handleRequest(null, Object(Config\Cache), false)
 8 SYSTEMPATH\Boot.php(312): CodeIgniter\CodeIgniter->run()
 9 SYSTEMPATH\Boot.php(67): CodeIgniter\Boot::runCodeIgniter(Object(CodeIgniter\CodeIgniter))
10 FCPATH\index.php(56): CodeIgniter\Boot::bootWeb(Object(Config\Paths))
11 SYSTEMPATH\Commands\Server\rewrite.php(49): require_once('D:\\programming\\Laundry website\\ci4\\public\\index.php')
ERROR - 2024-06-29 08:28:00 --> Error connecting to the database: mysqli_sql_exception: Access denied for user 'root'@'localhost' (using password: NO) in D:\programming\Laundry website\ci4\system\Database\MySQLi\Connection.php:186
Stack trace:
#0 D:\programming\Laundry website\ci4\system\Database\MySQLi\Connection.php(186): mysqli->real_connect('localhost', 'root', Object(SensitiveParameterValue), 'laundry', 3306, '', 0)
#1 D:\programming\Laundry website\ci4\system\Database\BaseConnection.php(421): CodeIgniter\Database\MySQLi\Connection->connect(false)
#2 D:\programming\Laundry website\ci4\system\Database\BaseConnection.php(604): CodeIgniter\Database\BaseConnection->initialize()
#3 D:\programming\Laundry website\ci4\system\Database\BaseBuilder.php(1658): CodeIgniter\Database\BaseConnection->query('SELECT COUNT(*)...', NULL, false)
#4 D:\programming\Laundry website\ci4\system\Model.php(919): CodeIgniter\Database\BaseBuilder->countAll()
#5 D:\programming\Laundry website\ci4\app\Controllers\DashboardAdmin.php(16): CodeIgniter\Model->__call('countAll', Array)
#6 D:\programming\Laundry website\ci4\system\CodeIgniter.php(933): App\Controllers\DashboardAdmin->index()
#7 D:\programming\Laundry website\ci4\system\CodeIgniter.php(509): CodeIgniter\CodeIgniter->runController(Object(App\Controllers\DashboardAdmin))
#8 D:\programming\Laundry website\ci4\system\CodeIgniter.php(355): CodeIgniter\CodeIgniter->handleRequest(NULL, Object(Config\Cache), false)
#9 D:\programming\Laundry website\ci4\system\Boot.php(312): CodeIgniter\CodeIgniter->run()
#10 D:\programming\Laundry website\ci4\system\Boot.php(67): CodeIgniter\Boot::runCodeIgniter(Object(CodeIgniter\CodeIgniter))
#11 D:\programming\Laundry website\ci4\public\index.php(56): CodeIgniter\Boot::bootWeb(Object(Config\Paths))
#12 D:\programming\Laundry website\ci4\system\Commands\Server\rewrite.php(49): require_once('D:\\programming\\...')
#13 {main}

Next CodeIgniter\Database\Exceptions\DatabaseException: Access denied for user '****'@'localhost' (using password: NO) in D:\programming\Laundry website\ci4\system\Database\MySQLi\Connection.php:231
Stack trace:
#0 D:\programming\Laundry website\ci4\system\Database\BaseConnection.php(421): CodeIgniter\Database\MySQLi\Connection->connect(false)
#1 D:\programming\Laundry website\ci4\system\Database\BaseConnection.php(604): CodeIgniter\Database\BaseConnection->initialize()
#2 D:\programming\Laundry website\ci4\system\Database\BaseBuilder.php(1658): CodeIgniter\Database\BaseConnection->query('SELECT COUNT(*)...', NULL, false)
#3 D:\programming\Laundry website\ci4\system\Model.php(919): CodeIgniter\Database\BaseBuilder->countAll()
#4 D:\programming\Laundry website\ci4\app\Controllers\DashboardAdmin.php(16): CodeIgniter\Model->__call('countAll', Array)
#5 D:\programming\Laundry website\ci4\system\CodeIgniter.php(933): App\Controllers\DashboardAdmin->index()
#6 D:\programming\Laundry website\ci4\system\CodeIgniter.php(509): CodeIgniter\CodeIgniter->runController(Object(App\Controllers\DashboardAdmin))
#7 D:\programming\Laundry website\ci4\system\CodeIgniter.php(355): CodeIgniter\CodeIgniter->handleRequest(NULL, Object(Config\Cache), false)
#8 D:\programming\Laundry website\ci4\system\Boot.php(312): CodeIgniter\CodeIgniter->run()
#9 D:\programming\Laundry website\ci4\system\Boot.php(67): CodeIgniter\Boot::runCodeIgniter(Object(CodeIgniter\CodeIgniter))
#10 D:\programming\Laundry website\ci4\public\index.php(56): CodeIgniter\Boot::bootWeb(Object(Config\Paths))
#11 D:\programming\Laundry website\ci4\system\Commands\Server\rewrite.php(49): require_once('D:\\programming\\...')
#12 {main}
CRITICAL - 2024-06-29 08:28:00 --> CodeIgniter\Database\Exceptions\DatabaseException: Unable to connect to the database.
Main connection [MySQLi]: Access denied for user '****'@'localhost' (using password: NO)
[Method: GET, Route: Dashboard]
in SYSTEMPATH\Database\BaseConnection.php on line 457.
 1 SYSTEMPATH\Database\BaseConnection.php(604): CodeIgniter\Database\BaseConnection->initialize()
 2 SYSTEMPATH\Database\BaseBuilder.php(1658): CodeIgniter\Database\BaseConnection->query('SELECT COUNT(*) AS `numrows` FROM `pelanggan`', null, false)
 3 SYSTEMPATH\Model.php(919): CodeIgniter\Database\BaseBuilder->countAll()
 4 APPPATH\Controllers\DashboardAdmin.php(16): CodeIgniter\Model->__call('countAll', [])
 5 SYSTEMPATH\CodeIgniter.php(933): App\Controllers\DashboardAdmin->index()
 6 SYSTEMPATH\CodeIgniter.php(509): CodeIgniter\CodeIgniter->runController(Object(App\Controllers\DashboardAdmin))
 7 SYSTEMPATH\CodeIgniter.php(355): CodeIgniter\CodeIgniter->handleRequest(null, Object(Config\Cache), false)
 8 SYSTEMPATH\Boot.php(312): CodeIgniter\CodeIgniter->run()
 9 SYSTEMPATH\Boot.php(67): CodeIgniter\Boot::runCodeIgniter(Object(CodeIgniter\CodeIgniter))
10 FCPATH\index.php(56): CodeIgniter\Boot::bootWeb(Object(Config\Paths))
11 SYSTEMPATH\Commands\Server\rewrite.php(49): require_once('D:\\programming\\Laundry website\\ci4\\public\\index.php')
ERROR - 2024-06-29 08:28:03 --> Error connecting to the database: mysqli_sql_exception: Access denied for user 'root'@'localhost' (using password: NO) in D:\programming\Laundry website\ci4\system\Database\MySQLi\Connection.php:186
Stack trace:
#0 D:\programming\Laundry website\ci4\system\Database\MySQLi\Connection.php(186): mysqli->real_connect('localhost', 'root', Object(SensitiveParameterValue), 'laundry', 3306, '', 0)
#1 D:\programming\Laundry website\ci4\system\Database\BaseConnection.php(421): CodeIgniter\Database\MySQLi\Connection->connect(false)
#2 D:\programming\Laundry website\ci4\system\Database\BaseConnection.php(604): CodeIgniter\Database\BaseConnection->initialize()
#3 D:\programming\Laundry website\ci4\system\Database\BaseBuilder.php(1658): CodeIgniter\Database\BaseConnection->query('SELECT COUNT(*)...', NULL, false)
#4 D:\programming\Laundry website\ci4\system\Model.php(919): CodeIgniter\Database\BaseBuilder->countAll()
#5 D:\programming\Laundry website\ci4\app\Controllers\DashboardAdmin.php(16): CodeIgniter\Model->__call('countAll', Array)
#6 D:\programming\Laundry website\ci4\system\CodeIgniter.php(933): App\Controllers\DashboardAdmin->index()
#7 D:\programming\Laundry website\ci4\system\CodeIgniter.php(509): CodeIgniter\CodeIgniter->runController(Object(App\Controllers\DashboardAdmin))
#8 D:\programming\Laundry website\ci4\system\CodeIgniter.php(355): CodeIgniter\CodeIgniter->handleRequest(NULL, Object(Config\Cache), false)
#9 D:\programming\Laundry website\ci4\system\Boot.php(312): CodeIgniter\CodeIgniter->run()
#10 D:\programming\Laundry website\ci4\system\Boot.php(67): CodeIgniter\Boot::runCodeIgniter(Object(CodeIgniter\CodeIgniter))
#11 D:\programming\Laundry website\ci4\public\index.php(56): CodeIgniter\Boot::bootWeb(Object(Config\Paths))
#12 D:\programming\Laundry website\ci4\system\Commands\Server\rewrite.php(49): require_once('D:\\programming\\...')
#13 {main}

Next CodeIgniter\Database\Exceptions\DatabaseException: Access denied for user '****'@'localhost' (using password: NO) in D:\programming\Laundry website\ci4\system\Database\MySQLi\Connection.php:231
Stack trace:
#0 D:\programming\Laundry website\ci4\system\Database\BaseConnection.php(421): CodeIgniter\Database\MySQLi\Connection->connect(false)
#1 D:\programming\Laundry website\ci4\system\Database\BaseConnection.php(604): CodeIgniter\Database\BaseConnection->initialize()
#2 D:\programming\Laundry website\ci4\system\Database\BaseBuilder.php(1658): CodeIgniter\Database\BaseConnection->query('SELECT COUNT(*)...', NULL, false)
#3 D:\programming\Laundry website\ci4\system\Model.php(919): CodeIgniter\Database\BaseBuilder->countAll()
#4 D:\programming\Laundry website\ci4\app\Controllers\DashboardAdmin.php(16): CodeIgniter\Model->__call('countAll', Array)
#5 D:\programming\Laundry website\ci4\system\CodeIgniter.php(933): App\Controllers\DashboardAdmin->index()
#6 D:\programming\Laundry website\ci4\system\CodeIgniter.php(509): CodeIgniter\CodeIgniter->runController(Object(App\Controllers\DashboardAdmin))
#7 D:\programming\Laundry website\ci4\system\CodeIgniter.php(355): CodeIgniter\CodeIgniter->handleRequest(NULL, Object(Config\Cache), false)
#8 D:\programming\Laundry website\ci4\system\Boot.php(312): CodeIgniter\CodeIgniter->run()
#9 D:\programming\Laundry website\ci4\system\Boot.php(67): CodeIgniter\Boot::runCodeIgniter(Object(CodeIgniter\CodeIgniter))
#10 D:\programming\Laundry website\ci4\public\index.php(56): CodeIgniter\Boot::bootWeb(Object(Config\Paths))
#11 D:\programming\Laundry website\ci4\system\Commands\Server\rewrite.php(49): require_once('D:\\programming\\...')
#12 {main}
CRITICAL - 2024-06-29 08:28:03 --> CodeIgniter\Database\Exceptions\DatabaseException: Unable to connect to the database.
Main connection [MySQLi]: Access denied for user '****'@'localhost' (using password: NO)
[Method: GET, Route: Dashboard]
in SYSTEMPATH\Database\BaseConnection.php on line 457.
 1 SYSTEMPATH\Database\BaseConnection.php(604): CodeIgniter\Database\BaseConnection->initialize()
 2 SYSTEMPATH\Database\BaseBuilder.php(1658): CodeIgniter\Database\BaseConnection->query('SELECT COUNT(*) AS `numrows` FROM `pelanggan`', null, false)
 3 SYSTEMPATH\Model.php(919): CodeIgniter\Database\BaseBuilder->countAll()
 4 APPPATH\Controllers\DashboardAdmin.php(16): CodeIgniter\Model->__call('countAll', [])
 5 SYSTEMPATH\CodeIgniter.php(933): App\Controllers\DashboardAdmin->index()
 6 SYSTEMPATH\CodeIgniter.php(509): CodeIgniter\CodeIgniter->runController(Object(App\Controllers\DashboardAdmin))
 7 SYSTEMPATH\CodeIgniter.php(355): CodeIgniter\CodeIgniter->handleRequest(null, Object(Config\Cache), false)
 8 SYSTEMPATH\Boot.php(312): CodeIgniter\CodeIgniter->run()
 9 SYSTEMPATH\Boot.php(67): CodeIgniter\Boot::runCodeIgniter(Object(CodeIgniter\CodeIgniter))
10 FCPATH\index.php(56): CodeIgniter\Boot::bootWeb(Object(Config\Paths))
11 SYSTEMPATH\Commands\Server\rewrite.php(49): require_once('D:\\programming\\Laundry website\\ci4\\public\\index.php')
ERROR - 2024-06-29 08:28:04 --> Error connecting to the database: mysqli_sql_exception: Access denied for user 'root'@'localhost' (using password: NO) in D:\programming\Laundry website\ci4\system\Database\MySQLi\Connection.php:186
Stack trace:
#0 D:\programming\Laundry website\ci4\system\Database\MySQLi\Connection.php(186): mysqli->real_connect('localhost', 'root', Object(SensitiveParameterValue), 'laundry', 3306, '', 0)
#1 D:\programming\Laundry website\ci4\system\Database\BaseConnection.php(421): CodeIgniter\Database\MySQLi\Connection->connect(false)
#2 D:\programming\Laundry website\ci4\system\Database\BaseConnection.php(604): CodeIgniter\Database\BaseConnection->initialize()
#3 D:\programming\Laundry website\ci4\system\Database\BaseBuilder.php(1658): CodeIgniter\Database\BaseConnection->query('SELECT COUNT(*)...', NULL, false)
#4 D:\programming\Laundry website\ci4\system\Model.php(919): CodeIgniter\Database\BaseBuilder->countAll()
#5 D:\programming\Laundry website\ci4\app\Controllers\DashboardAdmin.php(16): CodeIgniter\Model->__call('countAll', Array)
#6 D:\programming\Laundry website\ci4\system\CodeIgniter.php(933): App\Controllers\DashboardAdmin->index()
#7 D:\programming\Laundry website\ci4\system\CodeIgniter.php(509): CodeIgniter\CodeIgniter->runController(Object(App\Controllers\DashboardAdmin))
#8 D:\programming\Laundry website\ci4\system\CodeIgniter.php(355): CodeIgniter\CodeIgniter->handleRequest(NULL, Object(Config\Cache), false)
#9 D:\programming\Laundry website\ci4\system\Boot.php(312): CodeIgniter\CodeIgniter->run()
#10 D:\programming\Laundry website\ci4\system\Boot.php(67): CodeIgniter\Boot::runCodeIgniter(Object(CodeIgniter\CodeIgniter))
#11 D:\programming\Laundry website\ci4\public\index.php(56): CodeIgniter\Boot::bootWeb(Object(Config\Paths))
#12 D:\programming\Laundry website\ci4\system\Commands\Server\rewrite.php(49): require_once('D:\\programming\\...')
#13 {main}

Next CodeIgniter\Database\Exceptions\DatabaseException: Access denied for user '****'@'localhost' (using password: NO) in D:\programming\Laundry website\ci4\system\Database\MySQLi\Connection.php:231
Stack trace:
#0 D:\programming\Laundry website\ci4\system\Database\BaseConnection.php(421): CodeIgniter\Database\MySQLi\Connection->connect(false)
#1 D:\programming\Laundry website\ci4\system\Database\BaseConnection.php(604): CodeIgniter\Database\BaseConnection->initialize()
#2 D:\programming\Laundry website\ci4\system\Database\BaseBuilder.php(1658): CodeIgniter\Database\BaseConnection->query('SELECT COUNT(*)...', NULL, false)
#3 D:\programming\Laundry website\ci4\system\Model.php(919): CodeIgniter\Database\BaseBuilder->countAll()
#4 D:\programming\Laundry website\ci4\app\Controllers\DashboardAdmin.php(16): CodeIgniter\Model->__call('countAll', Array)
#5 D:\programming\Laundry website\ci4\system\CodeIgniter.php(933): App\Controllers\DashboardAdmin->index()
#6 D:\programming\Laundry website\ci4\system\CodeIgniter.php(509): CodeIgniter\CodeIgniter->runController(Object(App\Controllers\DashboardAdmin))
#7 D:\programming\Laundry website\ci4\system\CodeIgniter.php(355): CodeIgniter\CodeIgniter->handleRequest(NULL, Object(Config\Cache), false)
#8 D:\programming\Laundry website\ci4\system\Boot.php(312): CodeIgniter\CodeIgniter->run()
#9 D:\programming\Laundry website\ci4\system\Boot.php(67): CodeIgniter\Boot::runCodeIgniter(Object(CodeIgniter\CodeIgniter))
#10 D:\programming\Laundry website\ci4\public\index.php(56): CodeIgniter\Boot::bootWeb(Object(Config\Paths))
#11 D:\programming\Laundry website\ci4\system\Commands\Server\rewrite.php(49): require_once('D:\\programming\\...')
#12 {main}
CRITICAL - 2024-06-29 08:28:04 --> CodeIgniter\Database\Exceptions\DatabaseException: Unable to connect to the database.
Main connection [MySQLi]: Access denied for user '****'@'localhost' (using password: NO)
[Method: GET, Route: Dashboard]
in SYSTEMPATH\Database\BaseConnection.php on line 457.
 1 SYSTEMPATH\Database\BaseConnection.php(604): CodeIgniter\Database\BaseConnection->initialize()
 2 SYSTEMPATH\Database\BaseBuilder.php(1658): CodeIgniter\Database\BaseConnection->query('SELECT COUNT(*) AS `numrows` FROM `pelanggan`', null, false)
 3 SYSTEMPATH\Model.php(919): CodeIgniter\Database\BaseBuilder->countAll()
 4 APPPATH\Controllers\DashboardAdmin.php(16): CodeIgniter\Model->__call('countAll', [])
 5 SYSTEMPATH\CodeIgniter.php(933): App\Controllers\DashboardAdmin->index()
 6 SYSTEMPATH\CodeIgniter.php(509): CodeIgniter\CodeIgniter->runController(Object(App\Controllers\DashboardAdmin))
 7 SYSTEMPATH\CodeIgniter.php(355): CodeIgniter\CodeIgniter->handleRequest(null, Object(Config\Cache), false)
 8 SYSTEMPATH\Boot.php(312): CodeIgniter\CodeIgniter->run()
 9 SYSTEMPATH\Boot.php(67): CodeIgniter\Boot::runCodeIgniter(Object(CodeIgniter\CodeIgniter))
10 FCPATH\index.php(56): CodeIgniter\Boot::bootWeb(Object(Config\Paths))
11 SYSTEMPATH\Commands\Server\rewrite.php(49): require_once('D:\\programming\\Laundry website\\ci4\\public\\index.php')
ERROR - 2024-06-29 08:28:18 --> Error connecting to the database: mysqli_sql_exception: Access denied for user 'root'@'localhost' (using password: NO) in D:\programming\Laundry website\ci4\system\Database\MySQLi\Connection.php:186
Stack trace:
#0 D:\programming\Laundry website\ci4\system\Database\MySQLi\Connection.php(186): mysqli->real_connect('localhost', 'root', Object(SensitiveParameterValue), 'laundry', 3306, '', 0)
#1 D:\programming\Laundry website\ci4\system\Database\BaseConnection.php(421): CodeIgniter\Database\MySQLi\Connection->connect(false)
#2 D:\programming\Laundry website\ci4\system\Database\BaseConnection.php(604): CodeIgniter\Database\BaseConnection->initialize()
#3 D:\programming\Laundry website\ci4\system\Database\BaseBuilder.php(1658): CodeIgniter\Database\BaseConnection->query('SELECT COUNT(*)...', NULL, false)
#4 D:\programming\Laundry website\ci4\system\Model.php(919): CodeIgniter\Database\BaseBuilder->countAll()
#5 D:\programming\Laundry website\ci4\app\Controllers\DashboardAdmin.php(16): CodeIgniter\Model->__call('countAll', Array)
#6 D:\programming\Laundry website\ci4\system\CodeIgniter.php(933): App\Controllers\DashboardAdmin->index()
#7 D:\programming\Laundry website\ci4\system\CodeIgniter.php(509): CodeIgniter\CodeIgniter->runController(Object(App\Controllers\DashboardAdmin))
#8 D:\programming\Laundry website\ci4\system\CodeIgniter.php(355): CodeIgniter\CodeIgniter->handleRequest(NULL, Object(Config\Cache), false)
#9 D:\programming\Laundry website\ci4\system\Boot.php(312): CodeIgniter\CodeIgniter->run()
#10 D:\programming\Laundry website\ci4\system\Boot.php(67): CodeIgniter\Boot::runCodeIgniter(Object(CodeIgniter\CodeIgniter))
#11 D:\programming\Laundry website\ci4\public\index.php(56): CodeIgniter\Boot::bootWeb(Object(Config\Paths))
#12 D:\programming\Laundry website\ci4\system\Commands\Server\rewrite.php(49): require_once('D:\\programming\\...')
#13 {main}

Next CodeIgniter\Database\Exceptions\DatabaseException: Access denied for user '****'@'localhost' (using password: NO) in D:\programming\Laundry website\ci4\system\Database\MySQLi\Connection.php:231
Stack trace:
#0 D:\programming\Laundry website\ci4\system\Database\BaseConnection.php(421): CodeIgniter\Database\MySQLi\Connection->connect(false)
#1 D:\programming\Laundry website\ci4\system\Database\BaseConnection.php(604): CodeIgniter\Database\BaseConnection->initialize()
#2 D:\programming\Laundry website\ci4\system\Database\BaseBuilder.php(1658): CodeIgniter\Database\BaseConnection->query('SELECT COUNT(*)...', NULL, false)
#3 D:\programming\Laundry website\ci4\system\Model.php(919): CodeIgniter\Database\BaseBuilder->countAll()
#4 D:\programming\Laundry website\ci4\app\Controllers\DashboardAdmin.php(16): CodeIgniter\Model->__call('countAll', Array)
#5 D:\programming\Laundry website\ci4\system\CodeIgniter.php(933): App\Controllers\DashboardAdmin->index()
#6 D:\programming\Laundry website\ci4\system\CodeIgniter.php(509): CodeIgniter\CodeIgniter->runController(Object(App\Controllers\DashboardAdmin))
#7 D:\programming\Laundry website\ci4\system\CodeIgniter.php(355): CodeIgniter\CodeIgniter->handleRequest(NULL, Object(Config\Cache), false)
#8 D:\programming\Laundry website\ci4\system\Boot.php(312): CodeIgniter\CodeIgniter->run()
#9 D:\programming\Laundry website\ci4\system\Boot.php(67): CodeIgniter\Boot::runCodeIgniter(Object(CodeIgniter\CodeIgniter))
#10 D:\programming\Laundry website\ci4\public\index.php(56): CodeIgniter\Boot::bootWeb(Object(Config\Paths))
#11 D:\programming\Laundry website\ci4\system\Commands\Server\rewrite.php(49): require_once('D:\\programming\\...')
#12 {main}
CRITICAL - 2024-06-29 08:28:18 --> CodeIgniter\Database\Exceptions\DatabaseException: Unable to connect to the database.
Main connection [MySQLi]: Access denied for user '****'@'localhost' (using password: NO)
[Method: GET, Route: Dashboard]
in SYSTEMPATH\Database\BaseConnection.php on line 457.
 1 SYSTEMPATH\Database\BaseConnection.php(604): CodeIgniter\Database\BaseConnection->initialize()
 2 SYSTEMPATH\Database\BaseBuilder.php(1658): CodeIgniter\Database\BaseConnection->query('SELECT COUNT(*) AS `numrows` FROM `pelanggan`', null, false)
 3 SYSTEMPATH\Model.php(919): CodeIgniter\Database\BaseBuilder->countAll()
 4 APPPATH\Controllers\DashboardAdmin.php(16): CodeIgniter\Model->__call('countAll', [])
 5 SYSTEMPATH\CodeIgniter.php(933): App\Controllers\DashboardAdmin->index()
 6 SYSTEMPATH\CodeIgniter.php(509): CodeIgniter\CodeIgniter->runController(Object(App\Controllers\DashboardAdmin))
 7 SYSTEMPATH\CodeIgniter.php(355): CodeIgniter\CodeIgniter->handleRequest(null, Object(Config\Cache), false)
 8 SYSTEMPATH\Boot.php(312): CodeIgniter\CodeIgniter->run()
 9 SYSTEMPATH\Boot.php(67): CodeIgniter\Boot::runCodeIgniter(Object(CodeIgniter\CodeIgniter))
10 FCPATH\index.php(56): CodeIgniter\Boot::bootWeb(Object(Config\Paths))
11 SYSTEMPATH\Commands\Server\rewrite.php(49): require_once('D:\\programming\\Laundry website\\ci4\\public\\index.php')
INFO - 2024-06-29 08:52:43 --> Session: Class initialized using 'CodeIgniter\Session\Handlers\FileHandler' driver.
INFO - 2024-06-29 09:00:07 --> Session: Class initialized using 'CodeIgniter\Session\Handlers\FileHandler' driver.
